TN:
SF:script/Staking.s.sol
DA:10,0
FN:10,StakingScript.setUp
FNDA:0,StakingScript.setUp
DA:12,0
FN:12,StakingScript.run
FNDA:0,StakingScript.run
DA:13,0
DA:15,0
DA:20,0
FNF:2
FNH:0
LF:5
LH:0
BRF:0
BRH:0
end_of_record
TN:
SF:src/StakingRewards.sol
DA:30,8
FN:30,StakingRewards.constructor
FNDA:8,StakingRewards.constructor
DA:31,8
DA:32,8
DA:33,8
DA:36,6
FN:36,StakingRewards.onlyOwner
FNDA:6,StakingRewards.onlyOwner
DA:37,6
BRDA:37,0,0,2
BRDA:37,0,1,4
DA:41,2
FN:41,StakingRewards.updateReward
FNDA:2,StakingRewards.updateReward
DA:42,2
DA:43,2
DA:45,2
BRDA:45,1,0,2
DA:46,2
DA:47,2
DA:53,0
FN:53,StakingRewards.lastTimeRewardApplicable
FNDA:0,StakingRewards.lastTimeRewardApplicable
DA:54,21
DA:57,0
FN:57,StakingRewards.rewardPerToken
FNDA:0,StakingRewards.rewardPerToken
DA:58,24
BRDA:58,2,0,18
DA:59,18
DA:62,6
DA:65,5
FN:65,StakingRewards.stake
FNDA:5,StakingRewards.stake
DA:66,5
BRDA:66,3,0,1
BRDA:66,3,1,4
DA:67,4
DA:68,4
DA:69,4
DA:72,2
FN:72,StakingRewards.withdraw
FNDA:2,StakingRewards.withdraw
DA:73,2
BRDA:73,4,0,1
BRDA:73,4,1,1
DA:74,1
DA:75,1
DA:76,1
DA:79,0
FN:79,StakingRewards.earned
FNDA:0,StakingRewards.earned
DA:80,9
DA:81,9
DA:84,2
FN:84,StakingRewards.getReward
FNDA:2,StakingRewards.getReward
DA:85,2
DA:86,2
BRDA:86,5,0,1
DA:87,1
DA:88,1
DA:92,6
FN:92,StakingRewards.setRewardsDuration
FNDA:6,StakingRewards.setRewardsDuration
DA:93,4
BRDA:93,6,0,2
BRDA:93,6,1,2
DA:94,2
DA:97,6
FN:97,StakingRewards.notifyRewardAmount
FNDA:6,StakingRewards.notifyRewardAmount
DA:98,6
BRDA:98,7,0,6
BRDA:98,7,1,-
DA:99,6
DA:101,0
DA:102,0
DA:105,6
BRDA:105,8,0,2
BRDA:105,8,1,4
DA:106,4
BRDA:106,9,0,2
BRDA:106,9,1,2
DA:108,2
DA:109,2
DA:112,21
FN:112,StakingRewards._min
FNDA:21,StakingRewards._min
DA:113,21
FNF:12
FNH:9
LF:50
LH:45
BRF:17
BRH:16
end_of_record
